<?xml version="1.0" encoding="UTF-8"?>
<!-- Generated by org.testng.reporters.JUnitXMLReporter -->
<testsuite hostname="alpha-PC" name="Test Maven Testing" tests="12" failures="0" timestamp="4 Dec 2017 10:56:48 GMT" time="0.052" errors="0">
  <testcase name="div" time="0.022" classname="com.qa.tests.DemoTest"/>
  <testcase name="div" time="0.022" classname="com.qa.tests.DemoTest1"/>
  <testcase name="div" time="0.022" classname="com.qa.tests.DemoTest2"/>
  <testcase name="mul" time="0.0" classname="com.qa.tests.DemoTest1"/>
  <testcase name="sub" time="0.001" classname="com.qa.tests.DemoTest1"/>
  <testcase name="mul" time="0.001" classname="com.qa.tests.DemoTest"/>
  <testcase name="sub" time="0.0" classname="com.qa.tests.DemoTest"/>
  <testcase name="sum" time="0.001" classname="com.qa.tests.DemoTest"/>
  <testcase name="sum" time="0.003" classname="com.qa.tests.DemoTest1"/>
  <testcase name="mul" time="0.003" classname="com.qa.tests.DemoTest2"/>
  <testcase name="sub" time="0.001" classname="com.qa.tests.DemoTest2"/>
  <testcase name="sum" time="0.0" classname="com.qa.tests.DemoTest2"/>
</testsuite> <!-- Test Maven Testing -->
