<?xml version="1.0" encoding="UTF-8"?>
<!-- Generated by org.testng.reporters.JUnitXMLReporter -->
<testsuite hostname="alpha-PC" name="Default test" tests="4" failures="0" timestamp="30 Nov 2017 17:35:29 GMT" time="0.05" errors="0">
  <testcase name="div" time="0.017" classname="com.qa.tests.DemoTest"/>
  <testcase name="mul" time="0.002" classname="com.qa.tests.DemoTest"/>
  <testcase name="sub" time="0.003" classname="com.qa.tests.DemoTest"/>
  <testcase name="sum" time="0.003" classname="com.qa.tests.DemoTest"/>
</testsuite> <!-- Default test -->
