<?xml version="1.0" encoding="UTF-8"?>
<testng-results skipped="0" failed="0" total="12" passed="12">
  <reporter-output>
  </reporter-output>
  <suite name="Test Maven Suite" duration-ms="52" started-at="2017-12-04T10:56:47Z" finished-at="2017-12-04T10:56:48Z">
    <groups>
    </groups>
    <test name="Test Maven Testing" duration-ms="52" started-at="2017-12-04T10:56:47Z" finished-at="2017-12-04T10:56:48Z">
      <class name="com.qa.tests.DemoTest">
        <test-method status="PASS" signature="div()[pri:0, instance:com.qa.tests.DemoTest@79b4d0f]" name="div" duration-ms="22" started-at="2017-12-04T16:26:47Z" finished-at="2017-12-04T16:26:48Z">
          <reporter-output>
          </reporter-output>
        </test-method> <!-- div -->
        <test-method status="PASS" signature="mul()[pri:0, instance:com.qa.tests.DemoTest@79b4d0f]" name="mul" duration-ms="1" started-at="2017-12-04T16:26:48Z" finished-at="2017-12-04T16:26:48Z">
          <reporter-output>
          </reporter-output>
        </test-method> <!-- mul -->
        <test-method status="PASS" signature="sum()[pri:0, instance:com.qa.tests.DemoTest@79b4d0f]" name="sum" duration-ms="1" started-at="2017-12-04T16:26:48Z" finished-at="2017-12-04T16:26:48Z">
          <reporter-output>
          </reporter-output>
        </test-method> <!-- sum -->
        <test-method status="PASS" signature="sub()[pri:0, instance:com.qa.tests.DemoTest@79b4d0f]" name="sub" duration-ms="0" started-at="2017-12-04T16:26:48Z" finished-at="2017-12-04T16:26:48Z">
          <reporter-output>
          </reporter-output>
        </test-method> <!-- sub -->
      </class> <!-- com.qa.tests.DemoTest -->
      <class name="com.qa.tests.DemoTest1">
        <test-method status="PASS" signature="div()[pri:0, instance:com.qa.tests.DemoTest1@3fb6a447]" name="div" duration-ms="22" started-at="2017-12-04T16:26:47Z" finished-at="2017-12-04T16:26:48Z">
          <reporter-output>
          </reporter-output>
        </test-method> <!-- div -->
        <test-method status="PASS" signature="mul()[pri:0, instance:com.qa.tests.DemoTest1@3fb6a447]" name="mul" duration-ms="0" started-at="2017-12-04T16:26:48Z" finished-at="2017-12-04T16:26:48Z">
          <reporter-output>
          </reporter-output>
        </test-method> <!-- mul -->
        <test-method status="PASS" signature="sub()[pri:0, instance:com.qa.tests.DemoTest1@3fb6a447]" name="sub" duration-ms="1" started-at="2017-12-04T16:26:48Z" finished-at="2017-12-04T16:26:48Z">
          <reporter-output>
          </reporter-output>
        </test-method> <!-- sub -->
        <test-method status="PASS" signature="sum()[pri:0, instance:com.qa.tests.DemoTest1@3fb6a447]" name="sum" duration-ms="3" started-at="2017-12-04T16:26:48Z" finished-at="2017-12-04T16:26:48Z">
          <reporter-output>
          </reporter-output>
        </test-method> <!-- sum -->
      </class> <!-- com.qa.tests.DemoTest1 -->
      <class name="com.qa.tests.DemoTest2">
        <test-method status="PASS" signature="div()[pri:0, instance:com.qa.tests.DemoTest2@edf4efb]" name="div" duration-ms="22" started-at="2017-12-04T16:26:47Z" finished-at="2017-12-04T16:26:48Z">
          <reporter-output>
          </reporter-output>
        </test-method> <!-- div -->
        <test-method status="PASS" signature="mul()[pri:0, instance:com.qa.tests.DemoTest2@edf4efb]" name="mul" duration-ms="3" started-at="2017-12-04T16:26:48Z" finished-at="2017-12-04T16:26:48Z">
          <reporter-output>
          </reporter-output>
        </test-method> <!-- mul -->
        <test-method status="PASS" signature="sub()[pri:0, instance:com.qa.tests.DemoTest2@edf4efb]" name="sub" duration-ms="1" started-at="2017-12-04T16:26:48Z" finished-at="2017-12-04T16:26:48Z">
          <reporter-output>
          </reporter-output>
        </test-method> <!-- sub -->
        <test-method status="PASS" signature="sum()[pri:0, instance:com.qa.tests.DemoTest2@edf4efb]" name="sum" duration-ms="0" started-at="2017-12-04T16:26:48Z" finished-at="2017-12-04T16:26:48Z">
          <reporter-output>
          </reporter-output>
        </test-method> <!-- sum -->
      </class> <!-- com.qa.tests.DemoTest2 -->
    </test> <!-- Test Maven Testing -->
  </suite> <!-- Test Maven Suite -->
</testng-results>
