<?xml version="1.0" encoding="UTF-8"?>
<testng-results skipped="0" failed="0" total="4" passed="4">
  <reporter-output>
  </reporter-output>
  <suite name="Default suite" duration-ms="50" started-at="2017-11-30T17:35:28Z" finished-at="2017-11-30T17:35:28Z">
    <groups>
    </groups>
    <test name="Default test" duration-ms="50" started-at="2017-11-30T17:35:28Z" finished-at="2017-11-30T17:35:28Z">
      <class name="com.qa.tests.DemoTest">
        <test-method status="PASS" signature="div()[pri:0, instance:com.qa.tests.DemoTest@3c756e4d]" name="div" duration-ms="17" started-at="2017-11-30T23:05:28Z" finished-at="2017-11-30T23:05:28Z">
          <reporter-output>
          </reporter-output>
        </test-method> <!-- div -->
        <test-method status="PASS" signature="mul()[pri:0, instance:com.qa.tests.DemoTest@3c756e4d]" name="mul" duration-ms="2" started-at="2017-11-30T23:05:28Z" finished-at="2017-11-30T23:05:28Z">
          <reporter-output>
          </reporter-output>
        </test-method> <!-- mul -->
        <test-method status="PASS" signature="sub()[pri:0, instance:com.qa.tests.DemoTest@3c756e4d]" name="sub" duration-ms="3" started-at="2017-11-30T23:05:28Z" finished-at="2017-11-30T23:05:28Z">
          <reporter-output>
          </reporter-output>
        </test-method> <!-- sub -->
        <test-method status="PASS" signature="sum()[pri:0, instance:com.qa.tests.DemoTest@3c756e4d]" name="sum" duration-ms="3" started-at="2017-11-30T23:05:28Z" finished-at="2017-11-30T23:05:28Z">
          <reporter-output>
          </reporter-output>
        </test-method> <!-- sum -->
      </class> <!-- com.qa.tests.DemoTest -->
    </test> <!-- Default test -->
  </suite> <!-- Default suite -->
</testng-results>
